20:43:00.090 [http-nio-8080-exec-2] INFO  o.a.c.c.C.[Tomcat].[localhost].[/] - Initializing Spring DispatcherServlet 'dispatcherServlet'
20:43:00.095 [http-nio-8080-exec-2] INFO  o.s.web.servlet.DispatcherServlet - Initializing Servlet 'dispatcherServlet'
20:43:00.099 [http-nio-8080-exec-2] INFO  o.s.web.servlet.DispatcherServlet - Completed initialization in 3 ms
20:43:00.986 [http-nio-8080-exec-2] WARN  J.myJournal.service.UserService - User Already Exixts : honey
org.springframework.dao.DuplicateKeyException: Write operation error on server ac-9yjeafh-shard-00-01.cheqfbl.mongodb.net:27017. Write error: WriteError{code=11000, message='E11000 duplicate key error collection: journaldb.users index: username dup key: { username: "honey" }', details={}}.
	at org.springframework.data.mongodb.core.MongoExceptionTranslator.translateExceptionIfPossible(MongoExceptionTranslator.java:104)
	at org.springframework.data.mongodb.core.MongoTemplate.potentiallyConvertRuntimeException(MongoTemplate.java:2932)
	at org.springframework.data.mongodb.core.MongoTemplate.execute(MongoTemplate.java:602)
	at org.springframework.data.mongodb.core.MongoTemplate.insertDocument(MongoTemplate.java:1538)
	at org.springframework.data.mongodb.core.MongoTemplate.doInsert(MongoTemplate.java:1334)
	at org.springframework.data.mongodb.core.MongoTemplate.insert(MongoTemplate.java:1260)
	at org.springframework.data.mongodb.repository.support.SimpleMongoRepository.save(SimpleMongoRepository.java:93)
	at java.base/jdk.internal.reflect.DirectMethodHandleAccessor.invoke(DirectMethodHandleAccessor.java:104)
	at java.base/java.lang.reflect.Method.invoke(Method.java:578)
	at org.springframework.data.repository.core.support.RepositoryMethodInvoker$RepositoryFragmentMethodInvoker.lambda$new$0(RepositoryMethodInvoker.java:288)
	at org.springframework.data.repository.core.support.RepositoryMethodInvoker.doInvoke(RepositoryMethodInvoker.java:136)
	at org.springframework.data.repository.core.support.RepositoryMethodInvoker.invoke(RepositoryMethodInvoker.java:120)
	at org.springframework.data.repository.core.support.RepositoryComposition$RepositoryFragments.invoke(RepositoryComposition.java:516)
	at org.springframework.data.repository.core.support.RepositoryComposition.invoke(RepositoryComposition.java:285)
	at org.springframework.data.repository.core.support.RepositoryFactorySupport$ImplementationMethodExecutionInterceptor.invoke(RepositoryFactorySupport.java:628)
	at org.springframework.aop.framework.ReflectiveMethodInvocation.proceed(ReflectiveMethodInvocation.java:184)
	at org.springframework.data.repository.core.support.QueryExecutorMethodInterceptor.doInvoke(QueryExecutorMethodInterceptor.java:168)
	at org.springframework.data.repository.core.support.QueryExecutorMethodInterceptor.invoke(QueryExecutorMethodInterceptor.java:143)
	at org.springframework.aop.framework.ReflectiveMethodInvocation.proceed(ReflectiveMethodInvocation.java:184)
	at org.springframework.data.projection.DefaultMethodInvokingMethodInterceptor.invoke(DefaultMethodInvokingMethodInterceptor.java:72)
	at org.springframework.aop.framework.ReflectiveMethodInvocation.proceed(ReflectiveMethodInvocation.java:184)
	at org.springframework.aop.interceptor.ExposeInvocationInterceptor.invoke(ExposeInvocationInterceptor.java:97)
	at org.springframework.aop.framework.ReflectiveMethodInvocation.proceed(ReflectiveMethodInvocation.java:184)
	at org.springframework.aop.framework.JdkDynamicAopProxy.invoke(JdkDynamicAopProxy.java:244)
	at jdk.proxy2/jdk.proxy2.$Proxy72.save(Unknown Source)
	at JournalApp.myJournal.service.UserService.saveNewUser(UserService.java:36)
	at JournalApp.myJournal.controller.PublicController.createUser(PublicController.java:23)
	at java.base/jdk.internal.reflect.DirectMethodHandleAccessor.invoke(DirectMethodHandleAccessor.java:104)
	at java.base/java.lang.reflect.Method.invoke(Method.java:578)
	at org.springframework.web.method.support.InvocableHandlerMethod.doInvoke(InvocableHandlerMethod.java:205)
	at org.springframework.web.method.support.InvocableHandlerMethod.invokeForRequest(InvocableHandlerMethod.java:150)
	at org.springframework.web.servlet.mvc.method.annotation.ServletInvocableHandlerMethod.invokeAndHandle(ServletInvocableHandlerMethod.java:118)
	at org.springframework.web.servlet.mvc.method.annotation.RequestMappingHandlerAdapter.invokeHandlerMethod(RequestMappingHandlerAdapter.java:884)
	at org.springframework.web.servlet.mvc.method.annotation.RequestMappingHandlerAdapter.handleInternal(RequestMappingHandlerAdapter.java:797)
	at org.springframework.web.servlet.mvc.method.AbstractHandlerMethodAdapter.handle(AbstractHandlerMethodAdapter.java:87)
	at org.springframework.web.servlet.DispatcherServlet.doDispatch(DispatcherServlet.java:1081)
	at org.springframework.web.servlet.DispatcherServlet.doService(DispatcherServlet.java:974)
	at org.springframework.web.servlet.FrameworkServlet.processRequest(FrameworkServlet.java:1011)
	at org.springframework.web.servlet.FrameworkServlet.doPost(FrameworkServlet.java:914)
	at jakarta.servlet.http.HttpServlet.service(HttpServlet.java:590)
	at org.springframework.web.servlet.FrameworkServlet.service(FrameworkServlet.java:885)
	at jakarta.servlet.http.HttpServlet.service(HttpServlet.java:658)
	at org.apache.catalina.core.ApplicationFilterChain.internalDoFilter(ApplicationFilterChain.java:205)
	at org.apache.catalina.core.ApplicationFilterChain.doFilter(ApplicationFilterChain.java:149)
	at org.apache.tomcat.websocket.server.WsFilter.doFilter(WsFilter.java:51)
	at org.apache.catalina.core.ApplicationFilterChain.internalDoFilter(ApplicationFilterChain.java:174)
	at org.apache.catalina.core.ApplicationFilterChain.doFilter(ApplicationFilterChain.java:149)
	at org.springframework.security.web.FilterChainProxy.lambda$doFilterInternal$3(FilterChainProxy.java:231)
	at org.springframework.security.web.FilterChainProxy$VirtualFilterChain.doFilter(FilterChainProxy.java:365)
	at org.springframework.security.web.access.intercept.AuthorizationFilter.doFilter(AuthorizationFilter.java:100)
	at org.springframework.security.web.FilterChainProxy$VirtualFilterChain.doFilter(FilterChainProxy.java:374)
	at org.springframework.security.web.access.ExceptionTranslationFilter.doFilter(ExceptionTranslationFilter.java:126)
	at org.springframework.security.web.access.ExceptionTranslationFilter.doFilter(ExceptionTranslationFilter.java:120)
	at org.springframework.security.web.FilterChainProxy$VirtualFilterChain.doFilter(FilterChainProxy.java:374)
	at org.springframework.security.web.authentication.AnonymousAuthenticationFilter.doFilter(AnonymousAuthenticationFilter.java:100)
	at org.springframework.security.web.FilterChainProxy$VirtualFilterChain.doFilter(FilterChainProxy.java:374)
	at org.springframework.security.web.servletapi.SecurityContextHolderAwareRequestFilter.doFilter(SecurityContextHolderAwareRequestFilter.java:179)
	at org.springframework.security.web.FilterChainProxy$VirtualFilterChain.doFilter(FilterChainProxy.java:374)
	at org.springframework.security.web.savedrequest.RequestCacheAwareFilter.doFilter(RequestCacheAwareFilter.java:63)
	at org.springframework.security.web.FilterChainProxy$VirtualFilterChain.doFilter(FilterChainProxy.java:374)
	at org.springframework.security.web.authentication.www.BasicAuthenticationFilter.doFilterInternal(BasicAuthenticationFilter.java:168)
	at org.springframework.web.filter.OncePerRequestFilter.doFilter(OncePerRequestFilter.java:116)
	at org.springframework.security.web.FilterChainProxy$VirtualFilterChain.doFilter(FilterChainProxy.java:374)
	at org.springframework.security.web.authentication.logout.LogoutFilter.doFilter(LogoutFilter.java:107)
	at org.springframework.security.web.authentication.logout.LogoutFilter.doFilter(LogoutFilter.java:93)
	at org.springframework.security.web.FilterChainProxy$VirtualFilterChain.doFilter(FilterChainProxy.java:374)
	at org.springframework.security.web.header.HeaderWriterFilter.doHeadersAfter(HeaderWriterFilter.java:90)
	at org.springframework.security.web.header.HeaderWriterFilter.doFilterInternal(HeaderWriterFilter.java:75)
	at org.springframework.web.filter.OncePerRequestFilter.doFilter(OncePerRequestFilter.java:116)
	at org.springframework.security.web.FilterChainProxy$VirtualFilterChain.doFilter(FilterChainProxy.java:374)
	at org.springframework.security.web.context.SecurityContextHolderFilter.doFilter(SecurityContextHolderFilter.java:82)
	at org.springframework.security.web.context.SecurityContextHolderFilter.doFilter(SecurityContextHolderFilter.java:69)
	at org.springframework.security.web.FilterChainProxy$VirtualFilterChain.doFilter(FilterChainProxy.java:374)
	at org.springframework.security.web.context.request.async.WebAsyncManagerIntegrationFilter.doFilterInternal(WebAsyncManagerIntegrationFilter.java:62)
	at org.springframework.web.filter.OncePerRequestFilter.doFilter(OncePerRequestFilter.java:116)
	at org.springframework.security.web.FilterChainProxy$VirtualFilterChain.doFilter(FilterChainProxy.java:374)
	at org.springframework.security.web.session.DisableEncodeUrlFilter.doFilterInternal(DisableEncodeUrlFilter.java:42)
	at org.springframework.web.filter.OncePerRequestFilter.doFilter(OncePerRequestFilter.java:116)
	at org.springframework.security.web.FilterChainProxy$VirtualFilterChain.doFilter(FilterChainProxy.java:374)
	at org.springframework.security.web.FilterChainProxy.doFilterInternal(FilterChainProxy.java:233)
	at org.springframework.security.web.FilterChainProxy.doFilter(FilterChainProxy.java:191)
	at org.springframework.web.filter.DelegatingFilterProxy.invokeDelegate(DelegatingFilterProxy.java:352)
	at org.springframework.web.filter.DelegatingFilterProxy.doFilter(DelegatingFilterProxy.java:268)
	at org.apache.catalina.core.ApplicationFilterChain.internalDoFilter(ApplicationFilterChain.java:174)
	at org.apache.catalina.core.ApplicationFilterChain.doFilter(ApplicationFilterChain.java:149)
	at org.springframework.web.filter.RequestContextFilter.doFilterInternal(RequestContextFilter.java:100)
	at org.springframework.web.filter.OncePerRequestFilter.doFilter(OncePerRequestFilter.java:116)
	at org.apache.catalina.core.ApplicationFilterChain.internalDoFilter(ApplicationFilterChain.java:174)
	at org.apache.catalina.core.ApplicationFilterChain.doFilter(ApplicationFilterChain.java:149)
	at org.springframework.web.filter.FormContentFilter.doFilterInternal(FormContentFilter.java:93)
	at org.springframework.web.filter.OncePerRequestFilter.doFilter(OncePerRequestFilter.java:116)
	at org.apache.catalina.core.ApplicationFilterChain.internalDoFilter(ApplicationFilterChain.java:174)
	at org.apache.catalina.core.ApplicationFilterChain.doFilter(ApplicationFilterChain.java:149)
	at org.springframework.web.filter.CharacterEncodingFilter.doFilterInternal(CharacterEncodingFilter.java:201)
	at org.springframework.web.filter.OncePerRequestFilter.doFilter(OncePerRequestFilter.java:116)
	at org.apache.catalina.core.ApplicationFilterChain.internalDoFilter(ApplicationFilterChain.java:174)
	at org.apache.catalina.core.ApplicationFilterChain.doFilter(ApplicationFilterChain.java:149)
	at org.apache.catalina.core.StandardWrapperValve.invoke(StandardWrapperValve.java:166)
	at org.apache.catalina.core.StandardContextValve.invoke(StandardContextValve.java:90)
	at org.apache.catalina.authenticator.AuthenticatorBase.invoke(AuthenticatorBase.java:482)
	at org.apache.catalina.core.StandardHostValve.invoke(StandardHostValve.java:115)
	at org.apache.catalina.valves.ErrorReportValve.invoke(ErrorReportValve.java:93)
	at org.apache.catalina.core.StandardEngineValve.invoke(StandardEngineValve.java:74)
	at org.apache.catalina.connector.CoyoteAdapter.service(CoyoteAdapter.java:341)
	at org.apache.coyote.http11.Http11Processor.service(Http11Processor.java:391)
	at org.apache.coyote.AbstractProcessorLight.process(AbstractProcessorLight.java:63)
	at org.apache.coyote.AbstractProtocol$ConnectionHandler.process(AbstractProtocol.java:894)
	at org.apache.tomcat.util.net.NioEndpoint$SocketProcessor.doRun(NioEndpoint.java:1740)
	at org.apache.tomcat.util.net.SocketProcessorBase.run(SocketProcessorBase.java:52)
	at org.apache.tomcat.util.threads.ThreadPoolExecutor.runWorker(ThreadPoolExecutor.java:1191)
	at org.apache.tomcat.util.threads.ThreadPoolExecutor$Worker.run(ThreadPoolExecutor.java:659)
	at org.apache.tomcat.util.threads.TaskThread$WrappingRunnable.run(TaskThread.java:61)
	at java.base/java.lang.Thread.run(Thread.java:1623)
Caused by: com.mongodb.MongoWriteException: Write operation error on server ac-9yjeafh-shard-00-01.cheqfbl.mongodb.net:27017. Write error: WriteError{code=11000, message='E11000 duplicate key error collection: journaldb.users index: username dup key: { username: "honey" }', details={}}.
	at com.mongodb.client.internal.MongoCollectionImpl.executeSingleWriteRequest(MongoCollectionImpl.java:1032)
	at com.mongodb.client.internal.MongoCollectionImpl.executeInsertOne(MongoCollectionImpl.java:475)
	at com.mongodb.client.internal.MongoCollectionImpl.insertOne(MongoCollectionImpl.java:458)
	at com.mongodb.client.internal.MongoCollectionImpl.insertOne(MongoCollectionImpl.java:452)
	at org.springframework.data.mongodb.core.MongoTemplate.lambda$insertDocument$16(MongoTemplate.java:1544)
	at org.springframework.data.mongodb.core.MongoTemplate.execute(MongoTemplate.java:600)
	... 110 common frames omitted
20:44:11.081 [main] INFO  J.myJournal.JournalApplication - Starting JournalApplication using Java 20.0.2 with PID 8336 (C:\Users\manoj\Downloads\myJournal\myJournal\target\classes started by manoj in C:\Users\manoj\Downloads\myJournal)
20:44:11.087 [main] INFO  J.myJournal.JournalApplication - No active profile set, falling back to 1 default profile: "default"
20:44:12.568 [main] INFO  o.s.d.r.c.RepositoryConfigurationDelegate - Bootstrapping Spring Data MongoDB repositories in DEFAULT mode.
20:44:12.697 [main] INFO  o.s.d.r.c.RepositoryConfigurationDelegate - Finished Spring Data repository scanning in 115 ms. Found 2 MongoDB repository interfaces.
20:44:13.810 [main] INFO  o.s.b.w.e.tomcat.TomcatWebServer - Tomcat initialized with port(s): 8080 (http)
20:44:13.825 [main] INFO  o.a.coyote.http11.Http11NioProtocol - Initializing ProtocolHandler ["http-nio-8080"]
20:44:13.829 [main] INFO  o.a.catalina.core.StandardService - Starting service [Tomcat]
20:44:13.830 [main] INFO  o.a.catalina.core.StandardEngine - Starting Servlet engine: [Apache Tomcat/10.1.11]
20:44:13.996 [main] INFO  o.a.c.c.C.[Tomcat].[localhost].[/] - Initializing Spring embedded WebApplicationContext
20:44:13.997 [main] INFO  o.s.b.w.s.c.ServletWebServerApplicationContext - Root WebApplicationContext: initialization completed in 2778 ms
20:44:14.583 [main] INFO  org.mongodb.driver.client - MongoClient with metadata {"driver": {"name": "mongo-java-driver|sync|spring-boot", "version": "4.9.1"}, "os": {"type": "Windows", "name": "Windows 11", "architecture": "amd64", "version": "10.0"}, "platform": "Java/Oracle Corporation/20.0.2+9-78", "application": {"name": "Cluster0"}} created with settings MongoClientSettings{readPreference=primary, writeConcern=WriteConcern{w=majority, wTimeout=null ms, journal=null}, retryWrites=true, retryReads=true, readConcern=ReadConcern{level=null}, credential=MongoCredential{mechanism=null, userName='mingchoo995', source='admin', password=<hidden>, mechanismProperties=<hidden>}, streamFactoryFactory=null, commandListeners=[], codecRegistry=ProvidersCodecRegistry{codecProviders=[ValueCodecProvider{}, BsonValueCodecProvider{}, DBRefCodecProvider{}, DBObjectCodecProvider{}, DocumentCodecProvider{}, CollectionCodecProvider{}, IterableCodecProvider{}, MapCodecProvider{}, GeoJsonCodecProvider{}, GridFSFileCodecProvider{}, Jsr310CodecProvider{}, JsonObjectCodecProvider{}, BsonCodecProvider{}, EnumCodecProvider{}, com.mongodb.client.model.mql.ExpressionCodecProvider@61bb1e4d, com.mongodb.Jep395RecordCodecProvider@5c53f292]}, loggerSettings=LoggerSettings{maxDocumentLength=1000}, clusterSettings={hosts=[127.0.0.1:27017], srvHost=cluster0.cheqfbl.mongodb.net, srvServiceName=mongodb, mode=MULTIPLE, requiredClusterType=REPLICA_SET, requiredReplicaSetName='atlas-l9mz0v-shard-0', serverSelector='null', clusterListeners='[]', serverSelectionTimeout='30000 ms', localThreshold='30000 ms'}, socketSettings=SocketSettings{connectTimeoutMS=10000, readTimeoutMS=0, receiveBufferSize=0, sendBufferSize=0}, heartbeatSocketSettings=SocketSettings{connectTimeoutMS=10000, readTimeoutMS=10000, receiveBufferSize=0, sendBufferSize=0}, connectionPoolSettings=ConnectionPoolSettings{maxSize=100, minSize=0, maxWaitTimeMS=120000, maxConnectionLifeTimeMS=0, maxConnectionIdleTimeMS=0, maintenanceInitialDelayMS=0, maintenanceFrequencyMS=60000, connectionPoolListeners=[], maxConnecting=2}, serverSettings=ServerSettings{heartbeatFrequencyMS=10000, minHeartbeatFrequencyMS=500, serverListeners='[]', serverMonitorListeners='[]'}, sslSettings=SslSettings{enabled=true, invalidHostNameAllowed=false, context=null}, applicationName='Cluster0', compressorList=[], uuidRepresentation=JAVA_LEGACY, serverApi=null, autoEncryptionSettings=null, contextProvider=null}
20:44:14.933 [cluster-ClusterId{value='686158462891834e7aff8953', description='Cluster0'}-srv-cluster0.cheqfbl.mongodb.net] INFO  org.mongodb.driver.cluster - Adding discovered server ac-9yjeafh-shard-00-00.cheqfbl.mongodb.net:27017 to client view of cluster
20:44:15.008 [cluster-ClusterId{value='686158462891834e7aff8953', description='Cluster0'}-srv-cluster0.cheqfbl.mongodb.net] INFO  org.mongodb.driver.cluster - Adding discovered server ac-9yjeafh-shard-00-02.cheqfbl.mongodb.net:27017 to client view of cluster
20:44:15.011 [cluster-ClusterId{value='686158462891834e7aff8953', description='Cluster0'}-srv-cluster0.cheqfbl.mongodb.net] INFO  org.mongodb.driver.cluster - Adding discovered server ac-9yjeafh-shard-00-01.cheqfbl.mongodb.net:27017 to client view of cluster
20:44:15.310 [main] INFO  org.mongodb.driver.cluster - No server chosen by com.mongodb.client.internal.MongoClientDelegate$$Lambda$988/0x000001f7014b7a38@5c4cc644 from cluster description ClusterDescription{type=REPLICA_SET, connectionMode=MULTIPLE, serverDescriptions=[ServerDescription{address=ac-9yjeafh-shard-00-00.cheqfbl.mongodb.net:27017, type=UNKNOWN, state=CONNECTING}, ServerDescription{address=ac-9yjeafh-shard-00-02.cheqfbl.mongodb.net:27017, type=UNKNOWN, state=CONNECTING}, ServerDescription{address=ac-9yjeafh-shard-00-01.cheqfbl.mongodb.net:27017, type=UNKNOWN, state=CONNECTING}]}. Waiting for 30000 ms before timing out
20:44:16.592 [cluster-ClusterId{value='686158462891834e7aff8953', description='Cluster0'}-ac-9yjeafh-shard-00-00.cheqfbl.mongodb.net:27017] INFO  org.mongodb.driver.cluster - Monitor thread successfully connected to server with description ServerDescription{address=ac-9yjeafh-shard-00-00.cheqfbl.mongodb.net:27017, type=REPLICA_SET_SECONDARY, state=CONNECTED, ok=true, minWireVersion=0, maxWireVersion=25, maxDocumentSize=16777216, logicalSessionTimeoutMinutes=30, roundTripTimeNanos=853940000, setName='atlas-l9mz0v-shard-0', canonicalAddress=ac-9yjeafh-shard-00-00.cheqfbl.mongodb.net:27017, hosts=[ac-9yjeafh-shard-00-00.cheqfbl.mongodb.net:27017, ac-9yjeafh-shard-00-01.cheqfbl.mongodb.net:27017, ac-9yjeafh-shard-00-02.cheqfbl.mongodb.net:27017], passives=[], arbiters=[], primary='ac-9yjeafh-shard-00-01.cheqfbl.mongodb.net:27017', tagSet=TagSet{[Tag{name='availabilityZone', value='aps1-az1'}, Tag{name='diskState', value='READY'}, Tag{name='nodeType', value='ELECTABLE'}, Tag{name='provider', value='AWS'}, Tag{name='region', value='AP_SOUTH_1'}, Tag{name='workloadType', value='OPERATIONAL'}]}, electionId=null, setVersion=320, topologyVersion=TopologyVersion{processId=685193b0515e5acffb25748c, counter=14}, lastWriteDate=Sun Jun 29 20:44:16 IST 2025, lastUpdateTimeNanos=86614402170700}
20:44:16.592 [cluster-ClusterId{value='686158462891834e7aff8953', description='Cluster0'}-ac-9yjeafh-shard-00-01.cheqfbl.mongodb.net:27017] INFO  org.mongodb.driver.cluster - Monitor thread successfully connected to server with description ServerDescription{address=ac-9yjeafh-shard-00-01.cheqfbl.mongodb.net:27017, type=REPLICA_SET_PRIMARY, state=CONNECTED, ok=true, minWireVersion=0, maxWireVersion=25, maxDocumentSize=16777216, logicalSessionTimeoutMinutes=30, roundTripTimeNanos=853938700, setName='atlas-l9mz0v-shard-0', canonicalAddress=ac-9yjeafh-shard-00-01.cheqfbl.mongodb.net:27017, hosts=[ac-9yjeafh-shard-00-00.cheqfbl.mongodb.net:27017, ac-9yjeafh-shard-00-01.cheqfbl.mongodb.net:27017, ac-9yjeafh-shard-00-02.cheqfbl.mongodb.net:27017], passives=[], arbiters=[], primary='ac-9yjeafh-shard-00-01.cheqfbl.mongodb.net:27017', tagSet=TagSet{[Tag{name='availabilityZone', value='aps1-az3'}, Tag{name='diskState', value='READY'}, Tag{name='nodeType', value='ELECTABLE'}, Tag{name='provider', value='AWS'}, Tag{name='region', value='AP_SOUTH_1'}, Tag{name='workloadType', value='OPERATIONAL'}]}, electionId=7fffffff0000000000000120, setVersion=320, topologyVersion=TopologyVersion{processId=6851966af0e0c8fcaa1ebf48, counter=14}, lastWriteDate=Sun Jun 29 20:44:16 IST 2025, lastUpdateTimeNanos=86614402170700}
20:44:16.601 [cluster-ClusterId{value='686158462891834e7aff8953', description='Cluster0'}-ac-9yjeafh-shard-00-01.cheqfbl.mongodb.net:27017] INFO  org.mongodb.driver.cluster - Discovered replica set primary ac-9yjeafh-shard-00-01.cheqfbl.mongodb.net:27017 with max election id 7fffffff0000000000000120 and max set version 320
20:44:16.608 [cluster-ClusterId{value='686158462891834e7aff8953', description='Cluster0'}-ac-9yjeafh-shard-00-02.cheqfbl.mongodb.net:27017] INFO  org.mongodb.driver.cluster - Monitor thread successfully connected to server with description ServerDescription{address=ac-9yjeafh-shard-00-02.cheqfbl.mongodb.net:27017, type=REPLICA_SET_SECONDARY, state=CONNECTED, ok=true, minWireVersion=0, maxWireVersion=25, maxDocumentSize=16777216, logicalSessionTimeoutMinutes=30, roundTripTimeNanos=873476400, setName='atlas-l9mz0v-shard-0', canonicalAddress=ac-9yjeafh-shard-00-02.cheqfbl.mongodb.net:27017, hosts=[ac-9yjeafh-shard-00-00.cheqfbl.mongodb.net:27017, ac-9yjeafh-shard-00-01.cheqfbl.mongodb.net:27017, ac-9yjeafh-shard-00-02.cheqfbl.mongodb.net:27017], passives=[], arbiters=[], primary='ac-9yjeafh-shard-00-01.cheqfbl.mongodb.net:27017', tagSet=TagSet{[Tag{name='availabilityZone', value='aps1-az2'}, Tag{name='diskState', value='READY'}, Tag{name='nodeType', value='ELECTABLE'}, Tag{name='provider', value='AWS'}, Tag{name='region', value='AP_SOUTH_1'}, Tag{name='workloadType', value='OPERATIONAL'}]}, electionId=null, setVersion=320, topologyVersion=TopologyVersion{processId=685198fc65d7b93b09d16fd2, counter=11}, lastWriteDate=Sun Jun 29 20:44:16 IST 2025, lastUpdateTimeNanos=86614421705400}
20:44:18.837 [main] INFO  o.s.s.web.DefaultSecurityFilterChain - Will secure any request with [org.springframework.security.web.session.DisableEncodeUrlFilter@62faf77, org.springframework.security.web.context.request.async.WebAsyncManagerIntegrationFilter@1f39269d, org.springframework.security.web.context.SecurityContextHolderFilter@6182ffef, org.springframework.security.web.header.HeaderWriterFilter@4e2cdc51, org.springframework.security.web.authentication.logout.LogoutFilter@5f935d49, org.springframework.security.web.authentication.www.BasicAuthenticationFilter@4bfa5eb9, org.springframework.security.web.savedrequest.RequestCacheAwareFilter@2d24cdd9, org.springframework.security.web.servletapi.SecurityContextHolderAwareRequestFilter@27d73d22, org.springframework.security.web.authentication.AnonymousAuthenticationFilter@6e321d9d, org.springframework.security.web.access.ExceptionTranslationFilter@171aa66, org.springframework.security.web.access.intercept.AuthorizationFilter@3ea75b05]
20:44:19.190 [main] INFO  o.a.coyote.http11.Http11NioProtocol - Starting ProtocolHandler ["http-nio-8080"]
20:44:19.220 [main] INFO  o.s.b.w.e.tomcat.TomcatWebServer - Tomcat started on port(s): 8080 (http) with context path ''
20:44:19.234 [main] INFO  J.myJournal.JournalApplication - Started JournalApplication in 9.164 seconds (process running for 10.511)
20:46:38.522 [main] INFO  J.myJournal.JournalApplication - Starting JournalApplication using Java 20.0.2 with PID 11840 (C:\Users\manoj\Downloads\myJournal\myJournal\target\classes started by manoj in C:\Users\manoj\Downloads\myJournal)
20:46:38.530 [main] INFO  J.myJournal.JournalApplication - No active profile set, falling back to 1 default profile: "default"
20:46:40.010 [main] INFO  o.s.d.r.c.RepositoryConfigurationDelegate - Bootstrapping Spring Data MongoDB repositories in DEFAULT mode.
20:46:40.135 [main] INFO  o.s.d.r.c.RepositoryConfigurationDelegate - Finished Spring Data repository scanning in 114 ms. Found 2 MongoDB repository interfaces.
20:46:41.383 [main] INFO  o.s.b.w.e.tomcat.TomcatWebServer - Tomcat initialized with port(s): 8080 (http)
20:46:41.398 [main] INFO  o.a.coyote.http11.Http11NioProtocol - Initializing ProtocolHandler ["http-nio-8080"]
20:46:41.402 [main] INFO  o.a.catalina.core.StandardService - Starting service [Tomcat]
20:46:41.402 [main] INFO  o.a.catalina.core.StandardEngine - Starting Servlet engine: [Apache Tomcat/10.1.11]
20:46:41.643 [main] INFO  o.a.c.c.C.[Tomcat].[localhost].[/] - Initializing Spring embedded WebApplicationContext
20:46:41.644 [main] INFO  o.s.b.w.s.c.ServletWebServerApplicationContext - Root WebApplicationContext: initialization completed in 2985 ms
20:46:42.474 [main] INFO  org.mongodb.driver.client - MongoClient with metadata {"driver": {"name": "mongo-java-driver|sync|spring-boot", "version": "4.9.1"}, "os": {"type": "Windows", "name": "Windows 11", "architecture": "amd64", "version": "10.0"}, "platform": "Java/Oracle Corporation/20.0.2+9-78", "application": {"name": "Cluster0"}} created with settings MongoClientSettings{readPreference=primary, writeConcern=WriteConcern{w=majority, wTimeout=null ms, journal=null}, retryWrites=true, retryReads=true, readConcern=ReadConcern{level=null}, credential=MongoCredential{mechanism=null, userName='mingchoo995', source='admin', password=<hidden>, mechanismProperties=<hidden>}, streamFactoryFactory=null, commandListeners=[], codecRegistry=ProvidersCodecRegistry{codecProviders=[ValueCodecProvider{}, BsonValueCodecProvider{}, DBRefCodecProvider{}, DBObjectCodecProvider{}, DocumentCodecProvider{}, CollectionCodecProvider{}, IterableCodecProvider{}, MapCodecProvider{}, GeoJsonCodecProvider{}, GridFSFileCodecProvider{}, Jsr310CodecProvider{}, JsonObjectCodecProvider{}, BsonCodecProvider{}, EnumCodecProvider{}, com.mongodb.client.model.mql.ExpressionCodecProvider@773014d3, com.mongodb.Jep395RecordCodecProvider@7fedb795]}, loggerSettings=LoggerSettings{maxDocumentLength=1000}, clusterSettings={hosts=[127.0.0.1:27017], srvHost=cluster0.cheqfbl.mongodb.net, srvServiceName=mongodb, mode=MULTIPLE, requiredClusterType=REPLICA_SET, requiredReplicaSetName='atlas-l9mz0v-shard-0', serverSelector='null', clusterListeners='[]', serverSelectionTimeout='30000 ms', localThreshold='30000 ms'}, socketSettings=SocketSettings{connectTimeoutMS=10000, readTimeoutMS=0, receiveBufferSize=0, sendBufferSize=0}, heartbeatSocketSettings=SocketSettings{connectTimeoutMS=10000, readTimeoutMS=10000, receiveBufferSize=0, sendBufferSize=0}, connectionPoolSettings=ConnectionPoolSettings{maxSize=100, minSize=0, maxWaitTimeMS=120000, maxConnectionLifeTimeMS=0, maxConnectionIdleTimeMS=0, maintenanceInitialDelayMS=0, maintenanceFrequencyMS=60000, connectionPoolListeners=[], maxConnecting=2}, serverSettings=ServerSettings{heartbeatFrequencyMS=10000, minHeartbeatFrequencyMS=500, serverListeners='[]', serverMonitorListeners='[]'}, sslSettings=SslSettings{enabled=true, invalidHostNameAllowed=false, context=null}, applicationName='Cluster0', compressorList=[], uuidRepresentation=JAVA_LEGACY, serverApi=null, autoEncryptionSettings=null, contextProvider=null}
20:46:42.698 [cluster-ClusterId{value='686158da809e1d50281b3bf9', description='Cluster0'}-srv-cluster0.cheqfbl.mongodb.net] INFO  org.mongodb.driver.cluster - Adding discovered server ac-9yjeafh-shard-00-00.cheqfbl.mongodb.net:27017 to client view of cluster
20:46:42.764 [cluster-ClusterId{value='686158da809e1d50281b3bf9', description='Cluster0'}-srv-cluster0.cheqfbl.mongodb.net] INFO  org.mongodb.driver.cluster - Adding discovered server ac-9yjeafh-shard-00-02.cheqfbl.mongodb.net:27017 to client view of cluster
20:46:42.767 [cluster-ClusterId{value='686158da809e1d50281b3bf9', description='Cluster0'}-srv-cluster0.cheqfbl.mongodb.net] INFO  org.mongodb.driver.cluster - Adding discovered server ac-9yjeafh-shard-00-01.cheqfbl.mongodb.net:27017 to client view of cluster
20:46:43.109 [main] INFO  org.mongodb.driver.cluster - No server chosen by com.mongodb.client.internal.MongoClientDelegate$$Lambda$996/0x0000023d104b8000@5b0dbfb from cluster description ClusterDescription{type=REPLICA_SET, connectionMode=MULTIPLE, serverDescriptions=[ServerDescription{address=ac-9yjeafh-shard-00-00.cheqfbl.mongodb.net:27017, type=UNKNOWN, state=CONNECTING}, ServerDescription{address=ac-9yjeafh-shard-00-02.cheqfbl.mongodb.net:27017, type=UNKNOWN, state=CONNECTING}, ServerDescription{address=ac-9yjeafh-shard-00-01.cheqfbl.mongodb.net:27017, type=UNKNOWN, state=CONNECTING}]}. Waiting for 30000 ms before timing out
20:46:44.561 [cluster-ClusterId{value='686158da809e1d50281b3bf9', description='Cluster0'}-ac-9yjeafh-shard-00-00.cheqfbl.mongodb.net:27017] INFO  org.mongodb.driver.cluster - Monitor thread successfully connected to server with description ServerDescription{address=ac-9yjeafh-shard-00-00.cheqfbl.mongodb.net:27017, type=REPLICA_SET_SECONDARY, state=CONNECTED, ok=true, minWireVersion=0, maxWireVersion=25, maxDocumentSize=16777216, logicalSessionTimeoutMinutes=30, roundTripTimeNanos=1159046600, setName='atlas-l9mz0v-shard-0', canonicalAddress=ac-9yjeafh-shard-00-00.cheqfbl.mongodb.net:27017, hosts=[ac-9yjeafh-shard-00-00.cheqfbl.mongodb.net:27017, ac-9yjeafh-shard-00-01.cheqfbl.mongodb.net:27017, ac-9yjeafh-shard-00-02.cheqfbl.mongodb.net:27017], passives=[], arbiters=[], primary='ac-9yjeafh-shard-00-01.cheqfbl.mongodb.net:27017', tagSet=TagSet{[Tag{name='availabilityZone', value='aps1-az1'}, Tag{name='diskState', value='READY'}, Tag{name='nodeType', value='ELECTABLE'}, Tag{name='provider', value='AWS'}, Tag{name='region', value='AP_SOUTH_1'}, Tag{name='workloadType', value='OPERATIONAL'}]}, electionId=null, setVersion=320, topologyVersion=TopologyVersion{processId=685193b0515e5acffb25748c, counter=14}, lastWriteDate=Sun Jun 29 20:46:44 IST 2025, lastUpdateTimeNanos=86762371430400}
20:46:44.561 [cluster-ClusterId{value='686158da809e1d50281b3bf9', description='Cluster0'}-ac-9yjeafh-shard-00-01.cheqfbl.mongodb.net:27017] INFO  org.mongodb.driver.cluster - Monitor thread successfully connected to server with description ServerDescription{address=ac-9yjeafh-shard-00-01.cheqfbl.mongodb.net:27017, type=REPLICA_SET_PRIMARY, state=CONNECTED, ok=true, minWireVersion=0, maxWireVersion=25, maxDocumentSize=16777216, logicalSessionTimeoutMinutes=30, roundTripTimeNanos=1159102000, setName='atlas-l9mz0v-shard-0', canonicalAddress=ac-9yjeafh-shard-00-01.cheqfbl.mongodb.net:27017, hosts=[ac-9yjeafh-shard-00-00.cheqfbl.mongodb.net:27017, ac-9yjeafh-shard-00-01.cheqfbl.mongodb.net:27017, ac-9yjeafh-shard-00-02.cheqfbl.mongodb.net:27017], passives=[], arbiters=[], primary='ac-9yjeafh-shard-00-01.cheqfbl.mongodb.net:27017', tagSet=TagSet{[Tag{name='availabilityZone', value='aps1-az3'}, Tag{name='diskState', value='READY'}, Tag{name='nodeType', value='ELECTABLE'}, Tag{name='provider', value='AWS'}, Tag{name='region', value='AP_SOUTH_1'}, Tag{name='workloadType', value='OPERATIONAL'}]}, electionId=7fffffff0000000000000120, setVersion=320, topologyVersion=TopologyVersion{processId=6851966af0e0c8fcaa1ebf48, counter=14}, lastWriteDate=Sun Jun 29 20:46:44 IST 2025, lastUpdateTimeNanos=86762371430300}
20:46:44.569 [cluster-ClusterId{value='686158da809e1d50281b3bf9', description='Cluster0'}-ac-9yjeafh-shard-00-01.cheqfbl.mongodb.net:27017] INFO  org.mongodb.driver.cluster - Discovered replica set primary ac-9yjeafh-shard-00-01.cheqfbl.mongodb.net:27017 with max election id 7fffffff0000000000000120 and max set version 320
20:46:44.591 [cluster-ClusterId{value='686158da809e1d50281b3bf9', description='Cluster0'}-ac-9yjeafh-shard-00-02.cheqfbl.mongodb.net:27017] INFO  org.mongodb.driver.cluster - Monitor thread successfully connected to server with description ServerDescription{address=ac-9yjeafh-shard-00-02.cheqfbl.mongodb.net:27017, type=REPLICA_SET_SECONDARY, state=CONNECTED, ok=true, minWireVersion=0, maxWireVersion=25, maxDocumentSize=16777216, logicalSessionTimeoutMinutes=30, roundTripTimeNanos=1191943300, setName='atlas-l9mz0v-shard-0', canonicalAddress=ac-9yjeafh-shard-00-02.cheqfbl.mongodb.net:27017, hosts=[ac-9yjeafh-shard-00-00.cheqfbl.mongodb.net:27017, ac-9yjeafh-shard-00-01.cheqfbl.mongodb.net:27017, ac-9yjeafh-shard-00-02.cheqfbl.mongodb.net:27017], passives=[], arbiters=[], primary='ac-9yjeafh-shard-00-01.cheqfbl.mongodb.net:27017', tagSet=TagSet{[Tag{name='availabilityZone', value='aps1-az2'}, Tag{name='diskState', value='READY'}, Tag{name='nodeType', value='ELECTABLE'}, Tag{name='provider', value='AWS'}, Tag{name='region', value='AP_SOUTH_1'}, Tag{name='workloadType', value='OPERATIONAL'}]}, electionId=null, setVersion=320, topologyVersion=TopologyVersion{processId=685198fc65d7b93b09d16fd2, counter=11}, lastWriteDate=Sun Jun 29 20:46:44 IST 2025, lastUpdateTimeNanos=86762404329300}
20:46:46.579 [main] INFO  o.s.s.web.DefaultSecurityFilterChain - Will secure any request with [org.springframework.security.web.session.DisableEncodeUrlFilter@259195fe, org.springframework.security.web.context.request.async.WebAsyncManagerIntegrationFilter@12209826, org.springframework.security.web.context.SecurityContextHolderFilter@315b4202, org.springframework.security.web.header.HeaderWriterFilter@2499b971, org.springframework.security.web.authentication.logout.LogoutFilter@1b1e1f02, org.springframework.security.web.authentication.www.BasicAuthenticationFilter@5e3d2765, org.springframework.security.web.savedrequest.RequestCacheAwareFilter@5a899811, org.springframework.security.web.servletapi.SecurityContextHolderAwareRequestFilter@4e2cdc51, org.springframework.security.web.authentication.AnonymousAuthenticationFilter@6cd45b6c, org.springframework.security.web.access.ExceptionTranslationFilter@3335afcf, org.springframework.security.web.access.intercept.AuthorizationFilter@5f935d49]
20:46:47.042 [main] INFO  o.a.coyote.http11.Http11NioProtocol - Starting ProtocolHandler ["http-nio-8080"]
20:46:47.074 [main] INFO  o.s.b.w.e.tomcat.TomcatWebServer - Tomcat started on port(s): 8080 (http) with context path ''
20:46:47.090 [main] INFO  J.myJournal.JournalApplication - Started JournalApplication in 9.646 seconds (process running for 11.11)
